[ tid 6452 @     0.000s C:\Users\koena\source\repos\Koenari\pbrt-v4\src\pbrt\util\parallel.cpp:53 ] Started execution in worker thread
[ tid 20568 @     0.000s C:\Users\koena\source\repos\Koenari\pbrt-v4\src\pbrt\util\parallel.cpp:53 ] Started execution in worker thread
[ tid 10440 @     0.000s C:\Users\koena\source\repos\Koenari\pbrt-v4\src\pbrt\util\parallel.cpp:53 ] Started execution in worker thread
[ tid 29420 @     0.000s C:\Users\koena\source\repos\Koenari\pbrt-v4\src\pbrt\util\parallel.cpp:53 ] Started execution in worker thread
[ tid 7448 @     0.001s C:\Users\koena\source\repos\Koenari\pbrt-v4\src\pbrt\util\parallel.cpp:53 ] Started execution in worker thread
[ tid 8572 @     0.001s C:\Users\koena\source\repos\Koenari\pbrt-v4\src\pbrt\util\parallel.cpp:53 ] Started execution in worker thread
[ tid 7300 @     0.001s C:\Users\koena\source\repos\Koenari\pbrt-v4\src\pbrt\util\parallel.cpp:53 ] Started execution in worker thread
[ tid 14348 @     0.001s C:\Users\koena\source\repos\Koenari\pbrt-v4\src\pbrt\util\parallel.cpp:53 ] Started execution in worker thread
[ tid 17616 @     0.001s C:\Users\koena\source\repos\Koenari\pbrt-v4\src\pbrt\util\parallel.cpp:53 ] Started execution in worker thread
[ tid 26244 @     0.001s C:\Users\koena\source\repos\Koenari\pbrt-v4\src\pbrt\util\parallel.cpp:53 ] Started execution in worker thread
[ tid 8968 @     0.002s C:\Users\koena\source\repos\Koenari\pbrt-v4\src\pbrt\util\parallel.cpp:53 ] Started execution in worker thread
[ tid 15496 @     0.002s C:\Users\koena\source\repos\Koenari\pbrt-v4\src\pbrt\util\parallel.cpp:53 ] Started execution in worker thread
[ tid 27248 @     0.002s C:\Users\koena\source\repos\Koenari\pbrt-v4\src\pbrt\util\parallel.cpp:53 ] Started execution in worker thread
[ tid 2768 @     0.002s C:\Users\koena\source\repos\Koenari\pbrt-v4\src\pbrt\util\parallel.cpp:53 ] Started execution in worker thread
[ tid 29264 @     0.002s C:\Users\koena\source\repos\Koenari\pbrt-v4\src\pbrt\util\parallel.cpp:53 ] Started execution in worker thread
[ tid 20012 @     0.002s C:\Users\koena\source\repos\Koenari\pbrt-v4\src\pbrt\util\parallel.cpp:53 ] Started execution in worker thread
[ tid 4168 @     0.002s C:\Users\koena\source\repos\Koenari\pbrt-v4\src\pbrt\util\parallel.cpp:53 ] Started execution in worker thread
[ tid 4280 @     0.003s C:\Users\koena\source\repos\Koenari\pbrt-v4\src\pbrt\util\parallel.cpp:53 ] Started execution in worker thread
[ tid 29896 @     0.003s C:\Users\koena\source\repos\Koenari\pbrt-v4\src\pbrt\util\parallel.cpp:53 ] Started execution in worker thread
[ tid 19976 @     0.003s C:\Users\koena\source\repos\Koenari\pbrt-v4\src\pbrt\parser.cpp:611 ] Started parsing ../../scenes/sssdragon/sssdragon.pbrt
[ tid 19976 @     0.004s C:\Users\koena\source\repos\Koenari\pbrt-v4\src\pbrt\cameras.cpp:50 ] World-space position: [ 3.69558, -3.46243, 3.25463 ]
[ tid 19976 @     0.004s C:\Users\koena\source\repos\Koenari\pbrt-v4\src\pbrt\scene.cpp:748 ] Starting to create filter and film
[ tid 19976 @     0.004s film.h:196 ] Created film with full resolution [ 1366, 1024 ], pixelBounds [ [ 0, 0 ] - [ 1366, 1024 ] ]
[ tid 19976 @     0.018s C:\Users\koena\source\repos\Koenari\pbrt-v4\src\pbrt\scene.cpp:765 ] Finished creating filter and film
[ tid 7448 @     0.018s C:\Users\koena\source\repos\Koenari\pbrt-v4\src\pbrt\scene.cpp:769 ] Starting to create sampler
[ tid 4280 @     0.018s C:\Users\koena\source\repos\Koenari\pbrt-v4\src\pbrt\scene.cpp:778 ] Starting to create camera
[ tid 19976 @     0.018s C:\Users\koena\source\repos\Koenari\pbrt-v4\src\pbrt\parser.cpp:642 ] Finished parsing ../../scenes/sssdragon/sssdragon.pbrt
[ tid 19976 @     0.018s C:\Users\koena\source\repos\Koenari\pbrt-v4\src\pbrt\cpu\render.cpp:32 ] Starting textures
[ tid 19976 @     0.019s C:\Users\koena\source\repos\Koenari\pbrt-v4\src\pbrt\scene.cpp:1180 ] Starting to consume texture futures
[ tid 19976 @     0.019s C:\Users\koena\source\repos\Koenari\pbrt-v4\src\pbrt\scene.cpp:1192 ] Finished consuming texture futures
[ tid 19976 @     0.019s C:\Users\koena\source\repos\Koenari\pbrt-v4\src\pbrt\scene.cpp:1194 ] Starting to create remaining textures
[ tid 19976 @     0.019s C:\Users\koena\source\repos\Koenari\pbrt-v4\src\pbrt\scene.cpp:1250 ] Done creating textures
[ tid 4280 @     0.019s C:\Users\koena\source\repos\Koenari\pbrt-v4\src\pbrt\cameras.cpp:197 ] Camera min pos differentials: [ 0, 0, 0 ], [ 0, 0, 0 ]
[ tid 19976 @     0.019s C:\Users\koena\source\repos\Koenari\pbrt-v4\src\pbrt\cpu\render.cpp:34 ] Finished textures
[ tid 4280 @     0.019s C:\Users\koena\source\repos\Koenari\pbrt-v4\src\pbrt\cameras.cpp:199 ] Camera min dir differentials: [ 0.0003453046, -0.000269413, -5.9604645e-8 ], [ 0.00024636093, 0.00037476423, -5.9604645e-8 ]
[ tid 4280 @     0.019s C:\Users\koena\source\repos\Koenari\pbrt-v4\src\pbrt\scene.cpp:784 ] Finished creating camera
[ tid 19976 @     0.019s C:\Users\koena\source\repos\Koenari\pbrt-v4\src\pbrt\scene.cpp:1289 ] Starting area lights
[ tid 7300 @     0.019s scene.h:290 ] Retrieved Camera from future
[ tid 19976 @     0.019s C:\Users\koena\source\repos\Koenari\pbrt-v4\src\pbrt\scene.cpp:1341 ] Finished area lights
[ tid 19976 @     0.019s C:\Users\koena\source\repos\Koenari\pbrt-v4\src\pbrt\scene.cpp:1343 ] Starting to consume non-area light futures
[ tid 7300 @     0.061s C:\Users\koena\source\repos\Koenari\pbrt-v4\src\pbrt\util\image.cpp:1164 ] Read EXR image C:\Users\koena\source\repos\Koenari\pbrt-v4\build\working\scenes\sssdragon\textures\small_rural_road_equiarea.exr (2048 x 2048)
[ tid 19976 @     0.274s C:\Users\koena\source\repos\Koenari\pbrt-v4\src\pbrt\scene.cpp:1347 ] Finished consuming non-area light futures
[ tid 19976 @     0.274s C:\Users\koena\source\repos\Koenari\pbrt-v4\src\pbrt\cpu\render.cpp:41 ] Starting materials
[ tid 19976 @     0.274s C:\Users\koena\source\repos\Koenari\pbrt-v4\src\pbrt\scene.cpp:1113 ] Starting to consume 0 normal map futures
[ tid 19976 @     0.274s C:\Users\koena\source\repos\Koenari\pbrt-v4\src\pbrt\scene.cpp:1120 ] Finished consuming normal map futures
[ tid 19976 @     0.280s C:\Users\koena\source\repos\Koenari\pbrt-v4\src\pbrt\cpu\render.cpp:45 ] Finished materials
[ tid 19976 @     0.280s C:\Users\koena\source\repos\Koenari\pbrt-v4\src\pbrt\scene.cpp:1444 ] Starting shapes
[ tid 19976 @     1.640s C:\Users\koena\source\repos\Koenari\pbrt-v4\src\pbrt\scene.cpp:1519 ] Finished shapes
[ tid 19976 @     1.640s C:\Users\koena\source\repos\Koenari\pbrt-v4\src\pbrt\scene.cpp:1522 ] Starting instances
[ tid 19976 @     1.640s C:\Users\koena\source\repos\Koenari\pbrt-v4\src\pbrt\scene.cpp:1581 ] Finished instances
[ tid 19976 @     1.640s C:\Users\koena\source\repos\Koenari\pbrt-v4\src\pbrt\scene.cpp:1585 ] Starting top-level accelerator
[ tid 19976 @     1.657s C:\Users\koena\source\repos\Koenari\pbrt-v4\src\pbrt\cpu\aggregates.cpp:536 ] Creating 4 WideBVHAggregate: SPlitmethod 2 (3) - direct - no opti
[ tid 19976 @    82.290s C:\Users\koena\source\repos\Koenari\pbrt-v4\src\pbrt\cpu\aggregates.cpp:583 ] WideBVH created with 1033081 nodes for 7219557 primitives (126.11 MB)
[ tid 19976 @    82.290s C:\Users\koena\source\repos\Koenari\pbrt-v4\src\pbrt\cpu\aggregates.cpp:584 ] Creation took: 80434 ms
[ tid 19976 @    82.402s C:\Users\koena\source\repos\Koenari\pbrt-v4\src\pbrt\cpu\aggregates.cpp:596 ] Calulated cost for BVH is: 3.569
[ tid 19976 @    82.464s C:\Users\koena\source\repos\Koenari\pbrt-v4\src\pbrt\scene.cpp:1589 ] Finished top-level accelerator
[ tid 19976 @    82.464s scene.h:290 ] Retrieved Camera from future
[ tid 19976 @    82.464s scene.h:302 ] Retrieved Sampler from future
[ tid 19976 @    82.464s C:\Users\koena\source\repos\Koenari\pbrt-v4\src\pbrt\cpu\render.cpp:55 ] Starting to create integrator
[ tid 19976 @    82.464s cpu/integrators.h:70 ] Scene bounds [ [ -10.760439, -1.9702945, -3.72963 ] - [ 1.4243946, 11.530299, 3.5924516 ] ]
[ tid 19976 @    82.464s C:\Users\koena\source\repos\Koenari\pbrt-v4\src\pbrt\cpu\render.cpp:58 ] Finished creating integrator
[ tid 19976 @    82.464s C:\Users\koena\source\repos\Koenari\pbrt-v4\src\pbrt\cpu\render.cpp:103 ] Memory used after scene creation: 860385280
[ tid 19976 @    90.703s C:\Users\koena\source\repos\Koenari\pbrt-v4\src\pbrt\cpu\integrators.cpp:199 ] Writing image with spp = 4
[ tid 19976 @    90.703s C:\Users\koena\source\repos\Koenari\pbrt-v4\src\pbrt\film.cpp:535 ] Converting image to RGB and computing final weighted pixel values
[ tid 19976 @    90.712s C:\Users\koena\source\repos\Koenari\pbrt-v4\src\pbrt\film.cpp:529 ] Writing image 4wide-4simd-none-epo-0.3epoRat-direct-3.exr with bounds [ [ 0, 0 ] - [ 1366, 1024 ] ]
[ tid 19976 @    90.733s C:\Users\koena\source\repos\Koenari\pbrt-v4\src\pbrt\cpu\integrators.cpp:223 ] Rendering finished
[ tid 19976 @    90.733s C:\Users\koena\source\repos\Koenari\pbrt-v4\src\pbrt\cpu\render.cpp:161 ] Memory used after rendering: 856424448
[ tid 19976 @    90.733s C:\Users\koena\source\repos\Koenari\pbrt-v4\src\pbrt\cmd\pbrt.cpp:308 ] Memory used after post-render cleanup: 856440832
[ tid 2768 @    90.734s C:\Users\koena\source\repos\Koenari\pbrt-v4\src\pbrt\util\parallel.cpp:63 ] Exiting worker thread
[ tid 20568 @    90.734s C:\Users\koena\source\repos\Koenari\pbrt-v4\src\pbrt\util\parallel.cpp:63 ] Exiting worker thread
[ tid 29420 @    90.734s C:\Users\koena\source\repos\Koenari\pbrt-v4\src\pbrt\util\parallel.cpp:63 ] Exiting worker thread
[ tid 7448 @    90.734s C:\Users\koena\source\repos\Koenari\pbrt-v4\src\pbrt\util\parallel.cpp:63 ] Exiting worker thread
[ tid 4280 @    90.734s C:\Users\koena\source\repos\Koenari\pbrt-v4\src\pbrt\util\parallel.cpp:63 ] Exiting worker thread
[ tid 29264 @    90.734s C:\Users\koena\source\repos\Koenari\pbrt-v4\src\pbrt\util\parallel.cpp:63 ] Exiting worker thread
[ tid 27248 @    90.734s C:\Users\koena\source\repos\Koenari\pbrt-v4\src\pbrt\util\parallel.cpp:63 ] Exiting worker thread
[ tid 20012 @    90.734s C:\Users\koena\source\repos\Koenari\pbrt-v4\src\pbrt\util\parallel.cpp:63 ] Exiting worker thread
[ tid 4168 @    90.734s C:\Users\koena\source\repos\Koenari\pbrt-v4\src\pbrt\util\parallel.cpp:63 ] Exiting worker thread
[ tid 26244 @    90.734s C:\Users\koena\source\repos\Koenari\pbrt-v4\src\pbrt\util\parallel.cpp:63 ] Exiting worker thread
[ tid 10440 @    90.734s C:\Users\koena\source\repos\Koenari\pbrt-v4\src\pbrt\util\parallel.cpp:63 ] Exiting worker thread
[ tid 29896 @    90.734s C:\Users\koena\source\repos\Koenari\pbrt-v4\src\pbrt\util\parallel.cpp:63 ] Exiting worker thread
[ tid 7300 @    90.734s C:\Users\koena\source\repos\Koenari\pbrt-v4\src\pbrt\util\parallel.cpp:63 ] Exiting worker thread
[ tid 15496 @    90.734s C:\Users\koena\source\repos\Koenari\pbrt-v4\src\pbrt\util\parallel.cpp:63 ] Exiting worker thread
[ tid 17616 @    90.734s C:\Users\koena\source\repos\Koenari\pbrt-v4\src\pbrt\util\parallel.cpp:63 ] Exiting worker thread
[ tid 6452 @    90.734s C:\Users\koena\source\repos\Koenari\pbrt-v4\src\pbrt\util\parallel.cpp:63 ] Exiting worker thread
[ tid 8968 @    90.734s C:\Users\koena\source\repos\Koenari\pbrt-v4\src\pbrt\util\parallel.cpp:63 ] Exiting worker thread
[ tid 14348 @    90.734s C:\Users\koena\source\repos\Koenari\pbrt-v4\src\pbrt\util\parallel.cpp:63 ] Exiting worker thread
[ tid 8572 @    90.734s C:\Users\koena\source\repos\Koenari\pbrt-v4\src\pbrt\util\parallel.cpp:63 ] Exiting worker thread
