[ tid 13052 @     0.000s C:\Users\koena\source\repos\Koenari\pbrt-v4\src\pbrt\util\parallel.cpp:53 ] Started execution in worker thread
[ tid 7696 @     0.000s C:\Users\koena\source\repos\Koenari\pbrt-v4\src\pbrt\util\parallel.cpp:53 ] Started execution in worker thread
[ tid 23712 @     0.000s C:\Users\koena\source\repos\Koenari\pbrt-v4\src\pbrt\util\parallel.cpp:53 ] Started execution in worker thread
[ tid 20744 @     0.000s C:\Users\koena\source\repos\Koenari\pbrt-v4\src\pbrt\util\parallel.cpp:53 ] Started execution in worker thread
[ tid 13172 @     0.001s C:\Users\koena\source\repos\Koenari\pbrt-v4\src\pbrt\util\parallel.cpp:53 ] Started execution in worker thread
[ tid 31104 @     0.001s C:\Users\koena\source\repos\Koenari\pbrt-v4\src\pbrt\util\parallel.cpp:53 ] Started execution in worker thread
[ tid 23900 @     0.001s C:\Users\koena\source\repos\Koenari\pbrt-v4\src\pbrt\util\parallel.cpp:53 ] Started execution in worker thread
[ tid 32628 @     0.001s C:\Users\koena\source\repos\Koenari\pbrt-v4\src\pbrt\util\parallel.cpp:53 ] Started execution in worker thread
[ tid 27260 @     0.001s C:\Users\koena\source\repos\Koenari\pbrt-v4\src\pbrt\util\parallel.cpp:53 ] Started execution in worker thread
[ tid 31116 @     0.001s C:\Users\koena\source\repos\Koenari\pbrt-v4\src\pbrt\util\parallel.cpp:53 ] Started execution in worker thread
[ tid 17988 @     0.002s C:\Users\koena\source\repos\Koenari\pbrt-v4\src\pbrt\util\parallel.cpp:53 ] Started execution in worker thread
[ tid 29416 @     0.002s C:\Users\koena\source\repos\Koenari\pbrt-v4\src\pbrt\util\parallel.cpp:53 ] Started execution in worker thread
[ tid 15632 @     0.002s C:\Users\koena\source\repos\Koenari\pbrt-v4\src\pbrt\util\parallel.cpp:53 ] Started execution in worker thread
[ tid 24772 @     0.002s C:\Users\koena\source\repos\Koenari\pbrt-v4\src\pbrt\util\parallel.cpp:53 ] Started execution in worker thread
[ tid 14080 @     0.002s C:\Users\koena\source\repos\Koenari\pbrt-v4\src\pbrt\util\parallel.cpp:53 ] Started execution in worker thread
[ tid 3920 @     0.002s C:\Users\koena\source\repos\Koenari\pbrt-v4\src\pbrt\util\parallel.cpp:53 ] Started execution in worker thread
[ tid 7388 @     0.002s C:\Users\koena\source\repos\Koenari\pbrt-v4\src\pbrt\util\parallel.cpp:53 ] Started execution in worker thread
[ tid 6948 @     0.003s C:\Users\koena\source\repos\Koenari\pbrt-v4\src\pbrt\util\parallel.cpp:53 ] Started execution in worker thread
[ tid 3216 @     0.003s C:\Users\koena\source\repos\Koenari\pbrt-v4\src\pbrt\util\parallel.cpp:53 ] Started execution in worker thread
[ tid 8888 @     0.003s C:\Users\koena\source\repos\Koenari\pbrt-v4\src\pbrt\parser.cpp:611 ] Started parsing ../../scenes/hairball/hairball.pbrt
[ tid 8888 @     0.004s C:\Users\koena\source\repos\Koenari\pbrt-v4\src\pbrt\cameras.cpp:50 ] World-space position: [ 11.8194065, -12.766575, 8.731112 ]
[ tid 8888 @     0.004s C:\Users\koena\source\repos\Koenari\pbrt-v4\src\pbrt\scene.cpp:748 ] Starting to create filter and film
[ tid 8888 @     0.004s film.h:196 ] Created film with full resolution [ 1366, 768 ], pixelBounds [ [ 0, 0 ] - [ 1366, 768 ] ]
[ tid 8888 @     0.014s C:\Users\koena\source\repos\Koenari\pbrt-v4\src\pbrt\scene.cpp:765 ] Finished creating filter and film
[ tid 13052 @     0.014s C:\Users\koena\source\repos\Koenari\pbrt-v4\src\pbrt\scene.cpp:769 ] Starting to create sampler
[ tid 3920 @     0.015s C:\Users\koena\source\repos\Koenari\pbrt-v4\src\pbrt\scene.cpp:778 ] Starting to create camera
[ tid 8888 @     0.015s C:\Users\koena\source\repos\Koenari\pbrt-v4\src\pbrt\parser.cpp:642 ] Finished parsing ../../scenes/hairball/hairball.pbrt
[ tid 8888 @     0.015s C:\Users\koena\source\repos\Koenari\pbrt-v4\src\pbrt\cpu\render.cpp:32 ] Starting textures
[ tid 8888 @     0.015s C:\Users\koena\source\repos\Koenari\pbrt-v4\src\pbrt\scene.cpp:1180 ] Starting to consume texture futures
[ tid 8888 @     0.015s C:\Users\koena\source\repos\Koenari\pbrt-v4\src\pbrt\scene.cpp:1192 ] Finished consuming texture futures
[ tid 8888 @     0.015s C:\Users\koena\source\repos\Koenari\pbrt-v4\src\pbrt\scene.cpp:1194 ] Starting to create remaining textures
[ tid 8888 @     0.015s C:\Users\koena\source\repos\Koenari\pbrt-v4\src\pbrt\scene.cpp:1250 ] Done creating textures
[ tid 8888 @     0.015s C:\Users\koena\source\repos\Koenari\pbrt-v4\src\pbrt\cpu\render.cpp:34 ] Finished textures
[ tid 8888 @     0.015s C:\Users\koena\source\repos\Koenari\pbrt-v4\src\pbrt\scene.cpp:1289 ] Starting area lights
[ tid 8888 @     0.015s C:\Users\koena\source\repos\Koenari\pbrt-v4\src\pbrt\scene.cpp:1341 ] Finished area lights
[ tid 8888 @     0.015s C:\Users\koena\source\repos\Koenari\pbrt-v4\src\pbrt\scene.cpp:1343 ] Starting to consume non-area light futures
[ tid 3920 @     0.015s C:\Users\koena\source\repos\Koenari\pbrt-v4\src\pbrt\cameras.cpp:197 ] Camera min pos differentials: [ 0, 0, 0 ], [ 0, 0, 0 ]
[ tid 3920 @     0.015s C:\Users\koena\source\repos\Koenari\pbrt-v4\src\pbrt\cameras.cpp:199 ] Camera min dir differentials: [ 0.00041241944, -0.0003016293, -5.9604645e-8 ], [ 0.00027875602, 0.00046160817, -1.1920929e-7 ]
[ tid 3920 @     0.015s C:\Users\koena\source\repos\Koenari\pbrt-v4\src\pbrt\scene.cpp:784 ] Finished creating camera
[ tid 24772 @     0.015s scene.h:290 ] Retrieved Camera from future
[ tid 8888 @     0.015s C:\Users\koena\source\repos\Koenari\pbrt-v4\src\pbrt\scene.cpp:1347 ] Finished consuming non-area light futures
[ tid 8888 @     0.015s C:\Users\koena\source\repos\Koenari\pbrt-v4\src\pbrt\cpu\render.cpp:41 ] Starting materials
[ tid 8888 @     0.015s C:\Users\koena\source\repos\Koenari\pbrt-v4\src\pbrt\scene.cpp:1113 ] Starting to consume 0 normal map futures
[ tid 8888 @     0.015s C:\Users\koena\source\repos\Koenari\pbrt-v4\src\pbrt\scene.cpp:1120 ] Finished consuming normal map futures
[ tid 8888 @     0.015s C:\Users\koena\source\repos\Koenari\pbrt-v4\src\pbrt\cpu\render.cpp:45 ] Finished materials
[ tid 8888 @     0.015s C:\Users\koena\source\repos\Koenari\pbrt-v4\src\pbrt\scene.cpp:1444 ] Starting shapes
[ tid 8888 @     1.385s C:\Users\koena\source\repos\Koenari\pbrt-v4\src\pbrt\scene.cpp:1519 ] Finished shapes
[ tid 8888 @     1.385s C:\Users\koena\source\repos\Koenari\pbrt-v4\src\pbrt\scene.cpp:1522 ] Starting instances
[ tid 8888 @     1.385s C:\Users\koena\source\repos\Koenari\pbrt-v4\src\pbrt\scene.cpp:1581 ] Finished instances
[ tid 8888 @     1.385s C:\Users\koena\source\repos\Koenari\pbrt-v4\src\pbrt\scene.cpp:1585 ] Starting top-level accelerator
[ tid 8888 @     1.973s C:\Users\koena\source\repos\Koenari\pbrt-v4\src\pbrt\cpu\aggregates.cpp:513 ] BVH created with 2982997 nodes for 2880000 primitives (91.03 MB)
[ tid 8888 @     1.974s C:\Users\koena\source\repos\Koenari\pbrt-v4\src\pbrt\cpu\aggregates.cpp:516 ] Creation took: 506 ms
[ tid 8888 @     2.063s C:\Users\koena\source\repos\Koenari\pbrt-v4\src\pbrt\cpu\aggregates.cpp:518 ] Calulated cost for BVH is: 1.431
[ tid 8888 @     2.101s C:\Users\koena\source\repos\Koenari\pbrt-v4\src\pbrt\scene.cpp:1589 ] Finished top-level accelerator
[ tid 8888 @     2.101s scene.h:290 ] Retrieved Camera from future
[ tid 8888 @     2.101s scene.h:302 ] Retrieved Sampler from future
[ tid 8888 @     2.101s C:\Users\koena\source\repos\Koenari\pbrt-v4\src\pbrt\cpu\render.cpp:55 ] Starting to create integrator
[ tid 8888 @     2.101s cpu/integrators.h:70 ] Scene bounds [ [ -16.3827, 8.14369, -13.361673 ] - [ -7.2397966, 17.337854, -4.1334677 ] ]
[ tid 8888 @     2.101s C:\Users\koena\source\repos\Koenari\pbrt-v4\src\pbrt\cpu\render.cpp:58 ] Finished creating integrator
[ tid 8888 @     2.101s C:\Users\koena\source\repos\Koenari\pbrt-v4\src\pbrt\cpu\render.cpp:103 ] Memory used after scene creation: 574767104
[ tid 8888 @     5.105s C:\Users\koena\source\repos\Koenari\pbrt-v4\src\pbrt\cpu\integrators.cpp:199 ] Writing image with spp = 4
[ tid 8888 @     5.105s C:\Users\koena\source\repos\Koenari\pbrt-v4\src\pbrt\film.cpp:535 ] Converting image to RGB and computing final weighted pixel values
[ tid 8888 @     5.112s C:\Users\koena\source\repos\Koenari\pbrt-v4\src\pbrt\film.cpp:529 ] Writing image 2wide-2simd-none-epo-0.8epoRat-direct-0.exr with bounds [ [ 0, 0 ] - [ 1366, 768 ] ]
[ tid 8888 @     5.121s C:\Users\koena\source\repos\Koenari\pbrt-v4\src\pbrt\cpu\integrators.cpp:223 ] Rendering finished
[ tid 8888 @     5.121s C:\Users\koena\source\repos\Koenari\pbrt-v4\src\pbrt\cpu\render.cpp:161 ] Memory used after rendering: 578785280
[ tid 8888 @     5.121s C:\Users\koena\source\repos\Koenari\pbrt-v4\src\pbrt\cmd\pbrt.cpp:308 ] Memory used after post-render cleanup: 578801664
[ tid 27260 @     5.122s C:\Users\koena\source\repos\Koenari\pbrt-v4\src\pbrt\util\parallel.cpp:63 ] Exiting worker thread
[ tid 14080 @     5.122s C:\Users\koena\source\repos\Koenari\pbrt-v4\src\pbrt\util\parallel.cpp:63 ] Exiting worker thread
[ tid 17988 @     5.122s C:\Users\koena\source\repos\Koenari\pbrt-v4\src\pbrt\util\parallel.cpp:63 ] Exiting worker thread
[ tid 31104 @     5.122s C:\Users\koena\source\repos\Koenari\pbrt-v4\src\pbrt\util\parallel.cpp:63 ] Exiting worker thread
[ tid 7388 @     5.122s C:\Users\koena\source\repos\Koenari\pbrt-v4\src\pbrt\util\parallel.cpp:63 ] Exiting worker thread
[ tid 32628 @     5.122s C:\Users\koena\source\repos\Koenari\pbrt-v4\src\pbrt\util\parallel.cpp:63 ] Exiting worker thread
[ tid 3920 @     5.122s C:\Users\koena\source\repos\Koenari\pbrt-v4\src\pbrt\util\parallel.cpp:63 ] Exiting worker thread
[ tid 7696 @     5.122s C:\Users\koena\source\repos\Koenari\pbrt-v4\src\pbrt\util\parallel.cpp:63 ] Exiting worker thread
[ tid 23712 @     5.122s C:\Users\koena\source\repos\Koenari\pbrt-v4\src\pbrt\util\parallel.cpp:63 ] Exiting worker thread
[ tid 13052 @     5.122s C:\Users\koena\source\repos\Koenari\pbrt-v4\src\pbrt\util\parallel.cpp:63 ] Exiting worker thread
[ tid 13172 @     5.122s C:\Users\koena\source\repos\Koenari\pbrt-v4\src\pbrt\util\parallel.cpp:63 ] Exiting worker thread
[ tid 20744 @     5.122s C:\Users\koena\source\repos\Koenari\pbrt-v4\src\pbrt\util\parallel.cpp:63 ] Exiting worker thread
[ tid 29416 @     5.122s C:\Users\koena\source\repos\Koenari\pbrt-v4\src\pbrt\util\parallel.cpp:63 ] Exiting worker thread
[ tid 3216 @     5.122s C:\Users\koena\source\repos\Koenari\pbrt-v4\src\pbrt\util\parallel.cpp:63 ] Exiting worker thread
[ tid 15632 @     5.122s C:\Users\koena\source\repos\Koenari\pbrt-v4\src\pbrt\util\parallel.cpp:63 ] Exiting worker thread
[ tid 24772 @     5.122s C:\Users\koena\source\repos\Koenari\pbrt-v4\src\pbrt\util\parallel.cpp:63 ] Exiting worker thread
[ tid 6948 @     5.122s C:\Users\koena\source\repos\Koenari\pbrt-v4\src\pbrt\util\parallel.cpp:63 ] Exiting worker thread
[ tid 31116 @     5.122s C:\Users\koena\source\repos\Koenari\pbrt-v4\src\pbrt\util\parallel.cpp:63 ] Exiting worker thread
[ tid 23900 @     5.122s C:\Users\koena\source\repos\Koenari\pbrt-v4\src\pbrt\util\parallel.cpp:63 ] Exiting worker thread
