[ tid 10128 @     0.000s C:\Users\koena\source\repos\Koenari\pbrt-v4\src\pbrt\util\parallel.cpp:53 ] Started execution in worker thread
[ tid 29012 @     0.000s C:\Users\koena\source\repos\Koenari\pbrt-v4\src\pbrt\util\parallel.cpp:53 ] Started execution in worker thread
[ tid 2812 @     0.000s C:\Users\koena\source\repos\Koenari\pbrt-v4\src\pbrt\util\parallel.cpp:53 ] Started execution in worker thread
[ tid 34800 @     0.000s C:\Users\koena\source\repos\Koenari\pbrt-v4\src\pbrt\util\parallel.cpp:53 ] Started execution in worker thread
[ tid 3904 @     0.001s C:\Users\koena\source\repos\Koenari\pbrt-v4\src\pbrt\util\parallel.cpp:53 ] Started execution in worker thread
[ tid 8116 @     0.001s C:\Users\koena\source\repos\Koenari\pbrt-v4\src\pbrt\util\parallel.cpp:53 ] Started execution in worker thread
[ tid 18056 @     0.001s C:\Users\koena\source\repos\Koenari\pbrt-v4\src\pbrt\util\parallel.cpp:53 ] Started execution in worker thread
[ tid 32260 @     0.001s C:\Users\koena\source\repos\Koenari\pbrt-v4\src\pbrt\util\parallel.cpp:53 ] Started execution in worker thread
[ tid 32640 @     0.001s C:\Users\koena\source\repos\Koenari\pbrt-v4\src\pbrt\util\parallel.cpp:53 ] Started execution in worker thread
[ tid 23136 @     0.002s C:\Users\koena\source\repos\Koenari\pbrt-v4\src\pbrt\util\parallel.cpp:53 ] Started execution in worker thread
[ tid 33336 @     0.002s C:\Users\koena\source\repos\Koenari\pbrt-v4\src\pbrt\util\parallel.cpp:53 ] Started execution in worker thread
[ tid 19268 @     0.002s C:\Users\koena\source\repos\Koenari\pbrt-v4\src\pbrt\util\parallel.cpp:53 ] Started execution in worker thread
[ tid 32852 @     0.002s C:\Users\koena\source\repos\Koenari\pbrt-v4\src\pbrt\util\parallel.cpp:53 ] Started execution in worker thread
[ tid 22608 @     0.002s C:\Users\koena\source\repos\Koenari\pbrt-v4\src\pbrt\util\parallel.cpp:53 ] Started execution in worker thread
[ tid 30924 @     0.002s C:\Users\koena\source\repos\Koenari\pbrt-v4\src\pbrt\util\parallel.cpp:53 ] Started execution in worker thread
[ tid 12880 @     0.002s C:\Users\koena\source\repos\Koenari\pbrt-v4\src\pbrt\util\parallel.cpp:53 ] Started execution in worker thread
[ tid 32380 @     0.003s C:\Users\koena\source\repos\Koenari\pbrt-v4\src\pbrt\util\parallel.cpp:53 ] Started execution in worker thread
[ tid 29372 @     0.003s C:\Users\koena\source\repos\Koenari\pbrt-v4\src\pbrt\util\parallel.cpp:53 ] Started execution in worker thread
[ tid 16284 @     0.003s C:\Users\koena\source\repos\Koenari\pbrt-v4\src\pbrt\util\parallel.cpp:53 ] Started execution in worker thread
[ tid 35536 @     0.004s C:\Users\koena\source\repos\Koenari\pbrt-v4\src\pbrt\parser.cpp:611 ] Started parsing ../../scenes/villa/villa.pbrt
[ tid 35536 @     0.004s C:\Users\koena\source\repos\Koenari\pbrt-v4\src\pbrt\cameras.cpp:50 ] World-space position: [ 10.239117, 5.013952, 3.76 ]
[ tid 35536 @     0.004s C:\Users\koena\source\repos\Koenari\pbrt-v4\src\pbrt\scene.cpp:748 ] Starting to create filter and film
[ tid 35536 @     0.004s film.h:196 ] Created film with full resolution [ 1800, 870 ], pixelBounds [ [ 0, 0 ] - [ 1800, 870 ] ]
[ tid 35536 @     0.021s C:\Users\koena\source\repos\Koenari\pbrt-v4\src\pbrt\scene.cpp:765 ] Finished creating filter and film
[ tid 10128 @     0.021s C:\Users\koena\source\repos\Koenari\pbrt-v4\src\pbrt\scene.cpp:769 ] Starting to create sampler
[ tid 16284 @     0.021s C:\Users\koena\source\repos\Koenari\pbrt-v4\src\pbrt\scene.cpp:778 ] Starting to create camera
[ tid 16284 @     0.021s C:\Users\koena\source\repos\Koenari\pbrt-v4\src\pbrt\cameras.cpp:197 ] Camera min pos differentials: [ 0, 0, 0 ], [ 0, 0, 0 ]
[ tid 16284 @     0.021s C:\Users\koena\source\repos\Koenari\pbrt-v4\src\pbrt\cameras.cpp:199 ] Camera min dir differentials: [ -0.00016663967, 0.00052119786, -1.7881393e-7 ], [ -0.00056533515, -0.0003773868, -1.7881393e-7 ]
[ tid 16284 @     0.021s C:\Users\koena\source\repos\Koenari\pbrt-v4\src\pbrt\scene.cpp:784 ] Finished creating camera
[ tid 2812 @     0.021s scene.h:290 ] Retrieved Camera from future
[ tid 35536 @     0.021s C:\Users\koena\source\repos\Koenari\pbrt-v4\src\pbrt\parser.cpp:767 ] Started parsing C:\Users\koena\source\repos\Koenari\pbrt-v4\build\working\scenes\villa\materials.pbrt
[ tid 35536 @     0.029s C:\Users\koena\source\repos\Koenari\pbrt-v4\src\pbrt\parser.cpp:642 ] Finished parsing C:\Users\koena\source\repos\Koenari\pbrt-v4\build\working\scenes\villa\materials.pbrt
[ tid 35536 @     0.029s C:\Users\koena\source\repos\Koenari\pbrt-v4\src\pbrt\parser.cpp:767 ] Started parsing C:\Users\koena\source\repos\Koenari\pbrt-v4\build\working\scenes\villa\geometry.pbrt
[ tid 35536 @     0.034s C:\Users\koena\source\repos\Koenari\pbrt-v4\src\pbrt\parser.cpp:642 ] Finished parsing C:\Users\koena\source\repos\Koenari\pbrt-v4\build\working\scenes\villa\geometry.pbrt
[ tid 35536 @     0.034s C:\Users\koena\source\repos\Koenari\pbrt-v4\src\pbrt\parser.cpp:642 ] Finished parsing ../../scenes/villa/villa.pbrt
[ tid 35536 @     0.035s C:\Users\koena\source\repos\Koenari\pbrt-v4\src\pbrt\cpu\render.cpp:32 ] Starting textures
[ tid 35536 @     0.035s C:\Users\koena\source\repos\Koenari\pbrt-v4\src\pbrt\scene.cpp:1180 ] Starting to consume texture futures
[ tid 2812 @     0.085s C:\Users\koena\source\repos\Koenari\pbrt-v4\src\pbrt\util\image.cpp:1164 ] Read EXR image C:\Users\koena\source\repos\Koenari\pbrt-v4\build\working\scenes\villa\textures\sky.exr (2048 x 2048)
[ tid 35536 @     1.219s C:\Users\koena\source\repos\Koenari\pbrt-v4\src\pbrt\scene.cpp:1192 ] Finished consuming texture futures
[ tid 35536 @     1.220s C:\Users\koena\source\repos\Koenari\pbrt-v4\src\pbrt\scene.cpp:1194 ] Starting to create remaining textures
[ tid 35536 @     1.221s C:\Users\koena\source\repos\Koenari\pbrt-v4\src\pbrt\scene.cpp:1250 ] Done creating textures
[ tid 35536 @     1.221s C:\Users\koena\source\repos\Koenari\pbrt-v4\src\pbrt\cpu\render.cpp:34 ] Finished textures
[ tid 35536 @     1.221s C:\Users\koena\source\repos\Koenari\pbrt-v4\src\pbrt\scene.cpp:1289 ] Starting area lights
[ tid 35536 @     1.221s C:\Users\koena\source\repos\Koenari\pbrt-v4\src\pbrt\scene.cpp:1341 ] Finished area lights
[ tid 35536 @     1.221s C:\Users\koena\source\repos\Koenari\pbrt-v4\src\pbrt\scene.cpp:1343 ] Starting to consume non-area light futures
[ tid 35536 @     1.221s C:\Users\koena\source\repos\Koenari\pbrt-v4\src\pbrt\scene.cpp:1347 ] Finished consuming non-area light futures
[ tid 35536 @     1.221s C:\Users\koena\source\repos\Koenari\pbrt-v4\src\pbrt\cpu\render.cpp:41 ] Starting materials
[ tid 35536 @     1.221s C:\Users\koena\source\repos\Koenari\pbrt-v4\src\pbrt\scene.cpp:1113 ] Starting to consume 0 normal map futures
[ tid 35536 @     1.221s C:\Users\koena\source\repos\Koenari\pbrt-v4\src\pbrt\scene.cpp:1120 ] Finished consuming normal map futures
[ tid 35536 @     1.222s C:\Users\koena\source\repos\Koenari\pbrt-v4\src\pbrt\cpu\render.cpp:45 ] Finished materials
[ tid 35536 @     1.222s C:\Users\koena\source\repos\Koenari\pbrt-v4\src\pbrt\scene.cpp:1444 ] Starting shapes
[ tid 35536 @     1.423s C:\Users\koena\source\repos\Koenari\pbrt-v4\src\pbrt\scene.cpp:1519 ] Finished shapes
[ tid 35536 @     1.423s C:\Users\koena\source\repos\Koenari\pbrt-v4\src\pbrt\scene.cpp:1522 ] Starting instances
[ tid 29012 @     1.424s C:\Users\koena\source\repos\Koenari\pbrt-v4\src\pbrt\cpu\aggregates.cpp:536 ] Creating 4 WideBVHAggregate: SPlitmethod 2 (0) - direct - no opti
[ tid 23136 @     1.424s C:\Users\koena\source\repos\Koenari\pbrt-v4\src\pbrt\cpu\aggregates.cpp:536 ] Creating 4 WideBVHAggregate: SPlitmethod 2 (0) - direct - no opti
[ tid 35536 @     1.424s C:\Users\koena\source\repos\Koenari\pbrt-v4\src\pbrt\cpu\aggregates.cpp:536 ] Creating 4 WideBVHAggregate: SPlitmethod 2 (0) - direct - no opti
[ tid 22608 @     1.424s C:\Users\koena\source\repos\Koenari\pbrt-v4\src\pbrt\cpu\aggregates.cpp:536 ] Creating 4 WideBVHAggregate: SPlitmethod 2 (0) - direct - no opti
[ tid 29012 @     1.425s C:\Users\koena\source\repos\Koenari\pbrt-v4\src\pbrt\cpu\aggregates.cpp:583 ] WideBVH created with 12 nodes for 88 primitives (0.00 MB)
[ tid 29012 @     1.425s C:\Users\koena\source\repos\Koenari\pbrt-v4\src\pbrt\cpu\aggregates.cpp:584 ] Creation took: 0 ms
[ tid 10128 @     1.425s C:\Users\koena\source\repos\Koenari\pbrt-v4\src\pbrt\cpu\aggregates.cpp:536 ] Creating 4 WideBVHAggregate: SPlitmethod 2 (0) - direct - no opti
[ tid 30924 @     1.425s C:\Users\koena\source\repos\Koenari\pbrt-v4\src\pbrt\cpu\aggregates.cpp:536 ] Creating 4 WideBVHAggregate: SPlitmethod 2 (0) - direct - no opti
[ tid 32260 @     1.425s C:\Users\koena\source\repos\Koenari\pbrt-v4\src\pbrt\cpu\aggregates.cpp:536 ] Creating 4 WideBVHAggregate: SPlitmethod 2 (0) - direct - no opti
[ tid 29012 @     1.425s C:\Users\koena\source\repos\Koenari\pbrt-v4\src\pbrt\cpu\aggregates.cpp:596 ] Calulated cost for BVH is: 1.717
[ tid 34800 @     1.425s C:\Users\koena\source\repos\Koenari\pbrt-v4\src\pbrt\cpu\aggregates.cpp:536 ] Creating 4 WideBVHAggregate: SPlitmethod 2 (0) - direct - no opti
[ tid 8116 @     1.425s C:\Users\koena\source\repos\Koenari\pbrt-v4\src\pbrt\cpu\aggregates.cpp:536 ] Creating 4 WideBVHAggregate: SPlitmethod 2 (0) - direct - no opti
[ tid 32852 @     1.425s C:\Users\koena\source\repos\Koenari\pbrt-v4\src\pbrt\cpu\aggregates.cpp:536 ] Creating 4 WideBVHAggregate: SPlitmethod 2 (0) - direct - no opti
[ tid 29372 @     1.425s C:\Users\koena\source\repos\Koenari\pbrt-v4\src\pbrt\cpu\aggregates.cpp:536 ] Creating 4 WideBVHAggregate: SPlitmethod 2 (0) - direct - no opti
[ tid 23136 @     1.425s C:\Users\koena\source\repos\Koenari\pbrt-v4\src\pbrt\cpu\aggregates.cpp:583 ] WideBVH created with 41 nodes for 288 primitives (0.01 MB)
[ tid 23136 @     1.425s C:\Users\koena\source\repos\Koenari\pbrt-v4\src\pbrt\cpu\aggregates.cpp:584 ] Creation took: 1 ms
[ tid 35536 @     1.425s C:\Users\koena\source\repos\Koenari\pbrt-v4\src\pbrt\cpu\aggregates.cpp:583 ] WideBVH created with 43 nodes for 308 primitives (0.01 MB)
[ tid 35536 @     1.425s C:\Users\koena\source\repos\Koenari\pbrt-v4\src\pbrt\cpu\aggregates.cpp:584 ] Creation took: 1 ms
[ tid 32380 @     1.425s C:\Users\koena\source\repos\Koenari\pbrt-v4\src\pbrt\cpu\aggregates.cpp:536 ] Creating 4 WideBVHAggregate: SPlitmethod 2 (0) - direct - no opti
[ tid 35536 @     1.426s C:\Users\koena\source\repos\Koenari\pbrt-v4\src\pbrt\cpu\aggregates.cpp:596 ] Calulated cost for BVH is: 1.842
[ tid 23136 @     1.426s C:\Users\koena\source\repos\Koenari\pbrt-v4\src\pbrt\cpu\aggregates.cpp:596 ] Calulated cost for BVH is: 1.677
[ tid 22608 @     1.426s C:\Users\koena\source\repos\Koenari\pbrt-v4\src\pbrt\cpu\aggregates.cpp:583 ] WideBVH created with 57 nodes for 398 primitives (0.01 MB)
[ tid 22608 @     1.426s C:\Users\koena\source\repos\Koenari\pbrt-v4\src\pbrt\cpu\aggregates.cpp:584 ] Creation took: 1 ms
[ tid 22608 @     1.426s C:\Users\koena\source\repos\Koenari\pbrt-v4\src\pbrt\cpu\aggregates.cpp:596 ] Calulated cost for BVH is: 2.672
[ tid 32260 @     1.426s C:\Users\koena\source\repos\Koenari\pbrt-v4\src\pbrt\cpu\aggregates.cpp:583 ] WideBVH created with 64 nodes for 398 primitives (0.01 MB)
[ tid 32260 @     1.426s C:\Users\koena\source\repos\Koenari\pbrt-v4\src\pbrt\cpu\aggregates.cpp:584 ] Creation took: 1 ms
[ tid 32260 @     1.426s C:\Users\koena\source\repos\Koenari\pbrt-v4\src\pbrt\cpu\aggregates.cpp:596 ] Calulated cost for BVH is: 2.985
[ tid 30924 @     1.428s C:\Users\koena\source\repos\Koenari\pbrt-v4\src\pbrt\cpu\aggregates.cpp:583 ] WideBVH created with 170 nodes for 1216 primitives (0.02 MB)
[ tid 30924 @     1.428s C:\Users\koena\source\repos\Koenari\pbrt-v4\src\pbrt\cpu\aggregates.cpp:584 ] Creation took: 3 ms
[ tid 30924 @     1.428s C:\Users\koena\source\repos\Koenari\pbrt-v4\src\pbrt\cpu\aggregates.cpp:596 ] Calulated cost for BVH is: 2.987
[ tid 8116 @     1.429s C:\Users\koena\source\repos\Koenari\pbrt-v4\src\pbrt\cpu\aggregates.cpp:583 ] WideBVH created with 200 nodes for 1440 primitives (0.02 MB)
[ tid 8116 @     1.429s C:\Users\koena\source\repos\Koenari\pbrt-v4\src\pbrt\cpu\aggregates.cpp:584 ] Creation took: 4 ms
[ tid 8116 @     1.429s C:\Users\koena\source\repos\Koenari\pbrt-v4\src\pbrt\cpu\aggregates.cpp:596 ] Calulated cost for BVH is: 2.419
[ tid 10128 @     1.430s C:\Users\koena\source\repos\Koenari\pbrt-v4\src\pbrt\cpu\aggregates.cpp:583 ] WideBVH created with 194 nodes for 1416 primitives (0.02 MB)
[ tid 10128 @     1.430s C:\Users\koena\source\repos\Koenari\pbrt-v4\src\pbrt\cpu\aggregates.cpp:584 ] Creation took: 5 ms
[ tid 10128 @     1.430s C:\Users\koena\source\repos\Koenari\pbrt-v4\src\pbrt\cpu\aggregates.cpp:596 ] Calulated cost for BVH is: 3.100
[ tid 34800 @     1.432s C:\Users\koena\source\repos\Koenari\pbrt-v4\src\pbrt\cpu\aggregates.cpp:583 ] WideBVH created with 311 nodes for 2638 primitives (0.04 MB)
[ tid 34800 @     1.432s C:\Users\koena\source\repos\Koenari\pbrt-v4\src\pbrt\cpu\aggregates.cpp:584 ] Creation took: 7 ms
[ tid 34800 @     1.433s C:\Users\koena\source\repos\Koenari\pbrt-v4\src\pbrt\cpu\aggregates.cpp:596 ] Calulated cost for BVH is: 1.228
[ tid 32852 @     1.433s C:\Users\koena\source\repos\Koenari\pbrt-v4\src\pbrt\cpu\aggregates.cpp:583 ] WideBVH created with 271 nodes for 2446 primitives (0.03 MB)
[ tid 32852 @     1.433s C:\Users\koena\source\repos\Koenari\pbrt-v4\src\pbrt\cpu\aggregates.cpp:584 ] Creation took: 7 ms
[ tid 32852 @     1.433s C:\Users\koena\source\repos\Koenari\pbrt-v4\src\pbrt\cpu\aggregates.cpp:596 ] Calulated cost for BVH is: 1.219
[ tid 29372 @     1.433s C:\Users\koena\source\repos\Koenari\pbrt-v4\src\pbrt\cpu\aggregates.cpp:583 ] WideBVH created with 280 nodes for 2446 primitives (0.03 MB)
[ tid 29372 @     1.433s C:\Users\koena\source\repos\Koenari\pbrt-v4\src\pbrt\cpu\aggregates.cpp:584 ] Creation took: 7 ms
[ tid 29372 @     1.433s C:\Users\koena\source\repos\Koenari\pbrt-v4\src\pbrt\cpu\aggregates.cpp:596 ] Calulated cost for BVH is: 2.099
[ tid 18056 @     1.435s C:\Users\koena\source\repos\Koenari\pbrt-v4\src\pbrt\cpu\aggregates.cpp:536 ] Creating 4 WideBVHAggregate: SPlitmethod 2 (0) - direct - no opti
[ tid 19268 @     1.435s C:\Users\koena\source\repos\Koenari\pbrt-v4\src\pbrt\cpu\aggregates.cpp:536 ] Creating 4 WideBVHAggregate: SPlitmethod 2 (0) - direct - no opti
[ tid 32380 @     1.439s C:\Users\koena\source\repos\Koenari\pbrt-v4\src\pbrt\cpu\aggregates.cpp:583 ] WideBVH created with 516 nodes for 4572 primitives (0.06 MB)
[ tid 32380 @     1.439s C:\Users\koena\source\repos\Koenari\pbrt-v4\src\pbrt\cpu\aggregates.cpp:584 ] Creation took: 12 ms
[ tid 32380 @     1.439s C:\Users\koena\source\repos\Koenari\pbrt-v4\src\pbrt\cpu\aggregates.cpp:596 ] Calulated cost for BVH is: 1.571
[ tid 19268 @     1.519s C:\Users\koena\source\repos\Koenari\pbrt-v4\src\pbrt\cpu\aggregates.cpp:583 ] WideBVH created with 3449 nodes for 30153 primitives (0.42 MB)
[ tid 19268 @     1.519s C:\Users\koena\source\repos\Koenari\pbrt-v4\src\pbrt\cpu\aggregates.cpp:584 ] Creation took: 83 ms
[ tid 19268 @     1.520s C:\Users\koena\source\repos\Koenari\pbrt-v4\src\pbrt\cpu\aggregates.cpp:596 ] Calulated cost for BVH is: 8.607
[ tid 18056 @     1.520s C:\Users\koena\source\repos\Koenari\pbrt-v4\src\pbrt\cpu\aggregates.cpp:583 ] WideBVH created with 3449 nodes for 30153 primitives (0.42 MB)
[ tid 18056 @     1.520s C:\Users\koena\source\repos\Koenari\pbrt-v4\src\pbrt\cpu\aggregates.cpp:584 ] Creation took: 84 ms
[ tid 18056 @     1.520s C:\Users\koena\source\repos\Koenari\pbrt-v4\src\pbrt\cpu\aggregates.cpp:596 ] Calulated cost for BVH is: 8.607
[ tid 35536 @     1.520s C:\Users\koena\source\repos\Koenari\pbrt-v4\src\pbrt\scene.cpp:1581 ] Finished instances
[ tid 35536 @     1.520s C:\Users\koena\source\repos\Koenari\pbrt-v4\src\pbrt\scene.cpp:1585 ] Starting top-level accelerator
[ tid 35536 @     1.527s C:\Users\koena\source\repos\Koenari\pbrt-v4\src\pbrt\cpu\aggregates.cpp:536 ] Creating 4 WideBVHAggregate: SPlitmethod 2 (0) - direct - no opti
[ tid 35536 @     2.648s C:\Users\koena\source\repos\Koenari\pbrt-v4\src\pbrt\cpu\aggregates.cpp:583 ] WideBVH created with 287861 nodes for 2547152 primitives (35.14 MB)
[ tid 35536 @     2.648s C:\Users\koena\source\repos\Koenari\pbrt-v4\src\pbrt\cpu\aggregates.cpp:584 ] Creation took: 1051 ms
[ tid 35536 @     2.690s C:\Users\koena\source\repos\Koenari\pbrt-v4\src\pbrt\cpu\aggregates.cpp:596 ] Calulated cost for BVH is: 4.563
[ tid 35536 @     2.712s C:\Users\koena\source\repos\Koenari\pbrt-v4\src\pbrt\scene.cpp:1589 ] Finished top-level accelerator
[ tid 35536 @     2.712s scene.h:290 ] Retrieved Camera from future
[ tid 35536 @     2.712s scene.h:302 ] Retrieved Sampler from future
[ tid 35536 @     2.712s C:\Users\koena\source\repos\Koenari\pbrt-v4\src\pbrt\cpu\render.cpp:55 ] Starting to create integrator
[ tid 35536 @     2.712s cpu/integrators.h:70 ] Scene bounds [ [ -24.264156, -11.363886, -3.7634254 ] - [ 20.34241, 5.576548, 5.965 ] ]
[ tid 35536 @     2.712s C:\Users\koena\source\repos\Koenari\pbrt-v4\src\pbrt\cpu\render.cpp:58 ] Finished creating integrator
[ tid 35536 @     2.712s C:\Users\koena\source\repos\Koenari\pbrt-v4\src\pbrt\cpu\render.cpp:103 ] Memory used after scene creation: 864354304
[ tid 35536 @    12.474s C:\Users\koena\source\repos\Koenari\pbrt-v4\src\pbrt\cpu\integrators.cpp:199 ] Writing image with spp = 4
[ tid 35536 @    12.474s C:\Users\koena\source\repos\Koenari\pbrt-v4\src\pbrt\film.cpp:535 ] Converting image to RGB and computing final weighted pixel values
[ tid 35536 @    12.485s C:\Users\koena\source\repos\Koenari\pbrt-v4\src\pbrt\film.cpp:529 ] Writing image 4wide-4simd-none-epo-0.6epoRat-direct-0.exr with bounds [ [ 0, 0 ] - [ 1800, 870 ] ]
[ tid 35536 @    12.505s C:\Users\koena\source\repos\Koenari\pbrt-v4\src\pbrt\cpu\integrators.cpp:223 ] Rendering finished
[ tid 35536 @    12.505s C:\Users\koena\source\repos\Koenari\pbrt-v4\src\pbrt\cpu\render.cpp:161 ] Memory used after rendering: 849244160
[ tid 35536 @    12.505s C:\Users\koena\source\repos\Koenari\pbrt-v4\src\pbrt\cmd\pbrt.cpp:308 ] Memory used after post-render cleanup: 849256448
[ tid 30924 @    12.506s C:\Users\koena\source\repos\Koenari\pbrt-v4\src\pbrt\util\parallel.cpp:63 ] Exiting worker thread
[ tid 12880 @    12.506s C:\Users\koena\source\repos\Koenari\pbrt-v4\src\pbrt\util\parallel.cpp:63 ] Exiting worker thread
[ tid 29012 @    12.506s C:\Users\koena\source\repos\Koenari\pbrt-v4\src\pbrt\util\parallel.cpp:63 ] Exiting worker thread
[ tid 22608 @    12.506s C:\Users\koena\source\repos\Koenari\pbrt-v4\src\pbrt\util\parallel.cpp:63 ] Exiting worker thread
[ tid 2812 @    12.506s C:\Users\koena\source\repos\Koenari\pbrt-v4\src\pbrt\util\parallel.cpp:63 ] Exiting worker thread
[ tid 16284 @    12.506s C:\Users\koena\source\repos\Koenari\pbrt-v4\src\pbrt\util\parallel.cpp:63 ] Exiting worker thread
[ tid 19268 @    12.506s C:\Users\koena\source\repos\Koenari\pbrt-v4\src\pbrt\util\parallel.cpp:63 ] Exiting worker thread
[ tid 29372 @    12.506s C:\Users\koena\source\repos\Koenari\pbrt-v4\src\pbrt\util\parallel.cpp:63 ] Exiting worker thread
[ tid 32260 @    12.506s C:\Users\koena\source\repos\Koenari\pbrt-v4\src\pbrt\util\parallel.cpp:63 ] Exiting worker thread
[ tid 32380 @    12.506s C:\Users\koena\source\repos\Koenari\pbrt-v4\src\pbrt\util\parallel.cpp:63 ] Exiting worker thread
[ tid 18056 @    12.506s C:\Users\koena\source\repos\Koenari\pbrt-v4\src\pbrt\util\parallel.cpp:63 ] Exiting worker thread
[ tid 33336 @    12.506s C:\Users\koena\source\repos\Koenari\pbrt-v4\src\pbrt\util\parallel.cpp:63 ] Exiting worker thread
[ tid 34800 @    12.507s C:\Users\koena\source\repos\Koenari\pbrt-v4\src\pbrt\util\parallel.cpp:63 ] Exiting worker thread
[ tid 3904 @    12.507s C:\Users\koena\source\repos\Koenari\pbrt-v4\src\pbrt\util\parallel.cpp:63 ] Exiting worker thread
[ tid 32640 @    12.507s C:\Users\koena\source\repos\Koenari\pbrt-v4\src\pbrt\util\parallel.cpp:63 ] Exiting worker thread
[ tid 10128 @    12.507s C:\Users\koena\source\repos\Koenari\pbrt-v4\src\pbrt\util\parallel.cpp:63 ] Exiting worker thread
[ tid 32852 @    12.507s C:\Users\koena\source\repos\Koenari\pbrt-v4\src\pbrt\util\parallel.cpp:63 ] Exiting worker thread
[ tid 8116 @    12.507s C:\Users\koena\source\repos\Koenari\pbrt-v4\src\pbrt\util\parallel.cpp:63 ] Exiting worker thread
[ tid 23136 @    12.507s C:\Users\koena\source\repos\Koenari\pbrt-v4\src\pbrt\util\parallel.cpp:63 ] Exiting worker thread
