[ tid 22452 @     0.000s C:\Users\koena\source\repos\Koenari\pbrt-v4\src\pbrt\util\parallel.cpp:53 ] Started execution in worker thread
[ tid 34372 @     0.000s C:\Users\koena\source\repos\Koenari\pbrt-v4\src\pbrt\util\parallel.cpp:53 ] Started execution in worker thread
[ tid 33620 @     0.000s C:\Users\koena\source\repos\Koenari\pbrt-v4\src\pbrt\util\parallel.cpp:53 ] Started execution in worker thread
[ tid 28548 @     0.001s C:\Users\koena\source\repos\Koenari\pbrt-v4\src\pbrt\util\parallel.cpp:53 ] Started execution in worker thread
[ tid 15364 @     0.001s C:\Users\koena\source\repos\Koenari\pbrt-v4\src\pbrt\util\parallel.cpp:53 ] Started execution in worker thread
[ tid 24400 @     0.001s C:\Users\koena\source\repos\Koenari\pbrt-v4\src\pbrt\util\parallel.cpp:53 ] Started execution in worker thread
[ tid 18204 @     0.001s C:\Users\koena\source\repos\Koenari\pbrt-v4\src\pbrt\util\parallel.cpp:53 ] Started execution in worker thread
[ tid 22368 @     0.001s C:\Users\koena\source\repos\Koenari\pbrt-v4\src\pbrt\util\parallel.cpp:53 ] Started execution in worker thread
[ tid 5572 @     0.002s C:\Users\koena\source\repos\Koenari\pbrt-v4\src\pbrt\util\parallel.cpp:53 ] Started execution in worker thread
[ tid 25996 @     0.002s C:\Users\koena\source\repos\Koenari\pbrt-v4\src\pbrt\util\parallel.cpp:53 ] Started execution in worker thread
[ tid 34108 @     0.002s C:\Users\koena\source\repos\Koenari\pbrt-v4\src\pbrt\util\parallel.cpp:53 ] Started execution in worker thread
[ tid 24564 @     0.002s C:\Users\koena\source\repos\Koenari\pbrt-v4\src\pbrt\util\parallel.cpp:53 ] Started execution in worker thread
[ tid 25428 @     0.002s C:\Users\koena\source\repos\Koenari\pbrt-v4\src\pbrt\util\parallel.cpp:53 ] Started execution in worker thread
[ tid 21948 @     0.003s C:\Users\koena\source\repos\Koenari\pbrt-v4\src\pbrt\util\parallel.cpp:53 ] Started execution in worker thread
[ tid 12156 @     0.003s C:\Users\koena\source\repos\Koenari\pbrt-v4\src\pbrt\util\parallel.cpp:53 ] Started execution in worker thread
[ tid 3808 @     0.003s C:\Users\koena\source\repos\Koenari\pbrt-v4\src\pbrt\util\parallel.cpp:53 ] Started execution in worker thread
[ tid 32372 @     0.003s C:\Users\koena\source\repos\Koenari\pbrt-v4\src\pbrt\util\parallel.cpp:53 ] Started execution in worker thread
[ tid 32704 @     0.003s C:\Users\koena\source\repos\Koenari\pbrt-v4\src\pbrt\util\parallel.cpp:53 ] Started execution in worker thread
[ tid 28400 @     0.004s C:\Users\koena\source\repos\Koenari\pbrt-v4\src\pbrt\util\parallel.cpp:53 ] Started execution in worker thread
[ tid 11184 @     0.005s C:\Users\koena\source\repos\Koenari\pbrt-v4\src\pbrt\parser.cpp:611 ] Started parsing ../../scenes/sssdragon/sssdragon.pbrt
[ tid 11184 @     0.005s C:\Users\koena\source\repos\Koenari\pbrt-v4\src\pbrt\cameras.cpp:50 ] World-space position: [ 3.69558, -3.46243, 3.25463 ]
[ tid 11184 @     0.005s C:\Users\koena\source\repos\Koenari\pbrt-v4\src\pbrt\scene.cpp:748 ] Starting to create filter and film
[ tid 11184 @     0.005s film.h:196 ] Created film with full resolution [ 1366, 1024 ], pixelBounds [ [ 0, 0 ] - [ 1366, 1024 ] ]
[ tid 11184 @     0.026s C:\Users\koena\source\repos\Koenari\pbrt-v4\src\pbrt\scene.cpp:765 ] Finished creating filter and film
[ tid 33620 @     0.026s C:\Users\koena\source\repos\Koenari\pbrt-v4\src\pbrt\scene.cpp:769 ] Starting to create sampler
[ tid 22452 @     0.026s C:\Users\koena\source\repos\Koenari\pbrt-v4\src\pbrt\scene.cpp:778 ] Starting to create camera
[ tid 11184 @     0.026s C:\Users\koena\source\repos\Koenari\pbrt-v4\src\pbrt\parser.cpp:642 ] Finished parsing ../../scenes/sssdragon/sssdragon.pbrt
[ tid 11184 @     0.026s C:\Users\koena\source\repos\Koenari\pbrt-v4\src\pbrt\cpu\render.cpp:32 ] Starting textures
[ tid 11184 @     0.026s C:\Users\koena\source\repos\Koenari\pbrt-v4\src\pbrt\scene.cpp:1180 ] Starting to consume texture futures
[ tid 11184 @     0.026s C:\Users\koena\source\repos\Koenari\pbrt-v4\src\pbrt\scene.cpp:1192 ] Finished consuming texture futures
[ tid 11184 @     0.026s C:\Users\koena\source\repos\Koenari\pbrt-v4\src\pbrt\scene.cpp:1194 ] Starting to create remaining textures
[ tid 22452 @     0.026s C:\Users\koena\source\repos\Koenari\pbrt-v4\src\pbrt\cameras.cpp:197 ] Camera min pos differentials: [ 0, 0, 0 ], [ 0, 0, 0 ]
[ tid 11184 @     0.026s C:\Users\koena\source\repos\Koenari\pbrt-v4\src\pbrt\scene.cpp:1250 ] Done creating textures
[ tid 22452 @     0.026s C:\Users\koena\source\repos\Koenari\pbrt-v4\src\pbrt\cameras.cpp:199 ] Camera min dir differentials: [ 0.0003453046, -0.000269413, -5.9604645e-8 ], [ 0.00024636093, 0.00037476423, -5.9604645e-8 ]
[ tid 22452 @     0.026s C:\Users\koena\source\repos\Koenari\pbrt-v4\src\pbrt\scene.cpp:784 ] Finished creating camera
[ tid 11184 @     0.026s C:\Users\koena\source\repos\Koenari\pbrt-v4\src\pbrt\cpu\render.cpp:34 ] Finished textures
[ tid 12156 @     0.026s scene.h:290 ] Retrieved Camera from future
[ tid 11184 @     0.026s C:\Users\koena\source\repos\Koenari\pbrt-v4\src\pbrt\scene.cpp:1289 ] Starting area lights
[ tid 11184 @     0.026s C:\Users\koena\source\repos\Koenari\pbrt-v4\src\pbrt\scene.cpp:1341 ] Finished area lights
[ tid 11184 @     0.026s C:\Users\koena\source\repos\Koenari\pbrt-v4\src\pbrt\scene.cpp:1343 ] Starting to consume non-area light futures
[ tid 12156 @     0.090s C:\Users\koena\source\repos\Koenari\pbrt-v4\src\pbrt\util\image.cpp:1164 ] Read EXR image C:\Users\koena\source\repos\Koenari\pbrt-v4\build\working\scenes\sssdragon\textures\small_rural_road_equiarea.exr (2048 x 2048)
[ tid 11184 @     0.318s C:\Users\koena\source\repos\Koenari\pbrt-v4\src\pbrt\scene.cpp:1347 ] Finished consuming non-area light futures
[ tid 11184 @     0.318s C:\Users\koena\source\repos\Koenari\pbrt-v4\src\pbrt\cpu\render.cpp:41 ] Starting materials
[ tid 11184 @     0.318s C:\Users\koena\source\repos\Koenari\pbrt-v4\src\pbrt\scene.cpp:1113 ] Starting to consume 0 normal map futures
[ tid 11184 @     0.318s C:\Users\koena\source\repos\Koenari\pbrt-v4\src\pbrt\scene.cpp:1120 ] Finished consuming normal map futures
[ tid 11184 @     0.326s C:\Users\koena\source\repos\Koenari\pbrt-v4\src\pbrt\cpu\render.cpp:45 ] Finished materials
[ tid 11184 @     0.326s C:\Users\koena\source\repos\Koenari\pbrt-v4\src\pbrt\scene.cpp:1444 ] Starting shapes
[ tid 11184 @     1.747s C:\Users\koena\source\repos\Koenari\pbrt-v4\src\pbrt\scene.cpp:1519 ] Finished shapes
[ tid 11184 @     1.747s C:\Users\koena\source\repos\Koenari\pbrt-v4\src\pbrt\scene.cpp:1522 ] Starting instances
[ tid 11184 @     1.747s C:\Users\koena\source\repos\Koenari\pbrt-v4\src\pbrt\scene.cpp:1581 ] Finished instances
[ tid 11184 @     1.747s C:\Users\koena\source\repos\Koenari\pbrt-v4\src\pbrt\scene.cpp:1585 ] Starting top-level accelerator
[ tid 11184 @     1.775s C:\Users\koena\source\repos\Koenari\pbrt-v4\src\pbrt\cpu\aggregates.cpp:536 ] Creating 4 WideBVHAggregate: SPlitmethod 2 (0) - fromBVH - no opti
[ tid 11184 @     3.594s C:\Users\koena\source\repos\Koenari\pbrt-v4\src\pbrt\cpu\aggregates.cpp:583 ] WideBVH created with 1119862 nodes for 7219557 primitives (136.70 MB)
[ tid 11184 @     3.594s C:\Users\koena\source\repos\Koenari\pbrt-v4\src\pbrt\cpu\aggregates.cpp:584 ] Creation took: 1592 ms
[ tid 11184 @     3.705s C:\Users\koena\source\repos\Koenari\pbrt-v4\src\pbrt\cpu\aggregates.cpp:596 ] Calulated cost for BVH is: 2.417
[ tid 11184 @     3.845s C:\Users\koena\source\repos\Koenari\pbrt-v4\src\pbrt\scene.cpp:1589 ] Finished top-level accelerator
[ tid 11184 @     3.845s scene.h:290 ] Retrieved Camera from future
[ tid 11184 @     3.845s scene.h:302 ] Retrieved Sampler from future
[ tid 11184 @     3.845s C:\Users\koena\source\repos\Koenari\pbrt-v4\src\pbrt\cpu\render.cpp:55 ] Starting to create integrator
[ tid 11184 @     3.845s cpu/integrators.h:70 ] Scene bounds [ [ -10.760439, -1.9702945, -3.72963 ] - [ 1.4243946, 11.530299, 3.5924516 ] ]
[ tid 11184 @     3.845s C:\Users\koena\source\repos\Koenari\pbrt-v4\src\pbrt\cpu\render.cpp:58 ] Finished creating integrator
[ tid 11184 @     3.845s C:\Users\koena\source\repos\Koenari\pbrt-v4\src\pbrt\cpu\render.cpp:103 ] Memory used after scene creation: 1243099136
[ tid 11184 @    13.628s C:\Users\koena\source\repos\Koenari\pbrt-v4\src\pbrt\cpu\integrators.cpp:199 ] Writing image with spp = 4
[ tid 11184 @    13.628s C:\Users\koena\source\repos\Koenari\pbrt-v4\src\pbrt\film.cpp:535 ] Converting image to RGB and computing final weighted pixel values
[ tid 11184 @    13.638s C:\Users\koena\source\repos\Koenari\pbrt-v4\src\pbrt\film.cpp:529 ] Writing image 4wide-4simd-none-epo-0.5epoRat-frombvh-0.exr with bounds [ [ 0, 0 ] - [ 1366, 1024 ] ]
[ tid 11184 @    13.661s C:\Users\koena\source\repos\Koenari\pbrt-v4\src\pbrt\cpu\integrators.cpp:223 ] Rendering finished
[ tid 11184 @    13.661s C:\Users\koena\source\repos\Koenari\pbrt-v4\src\pbrt\cpu\render.cpp:161 ] Memory used after rendering: 1260683264
[ tid 11184 @    13.661s C:\Users\koena\source\repos\Koenari\pbrt-v4\src\pbrt\cmd\pbrt.cpp:308 ] Memory used after post-render cleanup: 1260699648
[ tid 34372 @    13.662s C:\Users\koena\source\repos\Koenari\pbrt-v4\src\pbrt\util\parallel.cpp:63 ] Exiting worker thread
[ tid 25428 @    13.662s C:\Users\koena\source\repos\Koenari\pbrt-v4\src\pbrt\util\parallel.cpp:63 ] Exiting worker thread
[ tid 24564 @    13.662s C:\Users\koena\source\repos\Koenari\pbrt-v4\src\pbrt\util\parallel.cpp:63 ] Exiting worker thread
[ tid 24400 @    13.662s C:\Users\koena\source\repos\Koenari\pbrt-v4\src\pbrt\util\parallel.cpp:63 ] Exiting worker thread
[ tid 28400 @    13.662s C:\Users\koena\source\repos\Koenari\pbrt-v4\src\pbrt\util\parallel.cpp:63 ] Exiting worker thread
[ tid 25996 @    13.662s C:\Users\koena\source\repos\Koenari\pbrt-v4\src\pbrt\util\parallel.cpp:63 ] Exiting worker thread
[ tid 15364 @    13.662s C:\Users\koena\source\repos\Koenari\pbrt-v4\src\pbrt\util\parallel.cpp:63 ] Exiting worker thread
[ tid 33620 @    13.662s C:\Users\koena\source\repos\Koenari\pbrt-v4\src\pbrt\util\parallel.cpp:63 ] Exiting worker thread
[ tid 18204 @    13.662s C:\Users\koena\source\repos\Koenari\pbrt-v4\src\pbrt\util\parallel.cpp:63 ] Exiting worker thread
[ tid 5572 @    13.662s C:\Users\koena\source\repos\Koenari\pbrt-v4\src\pbrt\util\parallel.cpp:63 ] Exiting worker thread
[ tid 22452 @    13.662s C:\Users\koena\source\repos\Koenari\pbrt-v4\src\pbrt\util\parallel.cpp:63 ] Exiting worker thread
[ tid 22368 @    13.662s C:\Users\koena\source\repos\Koenari\pbrt-v4\src\pbrt\util\parallel.cpp:63 ] Exiting worker thread
[ tid 3808 @    13.662s C:\Users\koena\source\repos\Koenari\pbrt-v4\src\pbrt\util\parallel.cpp:63 ] Exiting worker thread
[ tid 28548 @    13.662s C:\Users\koena\source\repos\Koenari\pbrt-v4\src\pbrt\util\parallel.cpp:63 ] Exiting worker thread
[ tid 34108 @    13.662s C:\Users\koena\source\repos\Koenari\pbrt-v4\src\pbrt\util\parallel.cpp:63 ] Exiting worker thread
[ tid 32704 @    13.662s C:\Users\koena\source\repos\Koenari\pbrt-v4\src\pbrt\util\parallel.cpp:63 ] Exiting worker thread
[ tid 21948 @    13.662s C:\Users\koena\source\repos\Koenari\pbrt-v4\src\pbrt\util\parallel.cpp:63 ] Exiting worker thread
[ tid 12156 @    13.662s C:\Users\koena\source\repos\Koenari\pbrt-v4\src\pbrt\util\parallel.cpp:63 ] Exiting worker thread
[ tid 32372 @    13.662s C:\Users\koena\source\repos\Koenari\pbrt-v4\src\pbrt\util\parallel.cpp:63 ] Exiting worker thread
