[ tid 7628 @     0.000s C:\Users\koena\source\repos\Koenari\pbrt-v4\src\pbrt\util\parallel.cpp:53 ] Started execution in worker thread
[ tid 33376 @     0.000s C:\Users\koena\source\repos\Koenari\pbrt-v4\src\pbrt\util\parallel.cpp:53 ] Started execution in worker thread
[ tid 30768 @     0.000s C:\Users\koena\source\repos\Koenari\pbrt-v4\src\pbrt\util\parallel.cpp:53 ] Started execution in worker thread
[ tid 10588 @     0.001s C:\Users\koena\source\repos\Koenari\pbrt-v4\src\pbrt\util\parallel.cpp:53 ] Started execution in worker thread
[ tid 8948 @     0.001s C:\Users\koena\source\repos\Koenari\pbrt-v4\src\pbrt\util\parallel.cpp:53 ] Started execution in worker thread
[ tid 1968 @     0.001s C:\Users\koena\source\repos\Koenari\pbrt-v4\src\pbrt\util\parallel.cpp:53 ] Started execution in worker thread
[ tid 16860 @     0.001s C:\Users\koena\source\repos\Koenari\pbrt-v4\src\pbrt\util\parallel.cpp:53 ] Started execution in worker thread
[ tid 34420 @     0.001s C:\Users\koena\source\repos\Koenari\pbrt-v4\src\pbrt\util\parallel.cpp:53 ] Started execution in worker thread
[ tid 1856 @     0.001s C:\Users\koena\source\repos\Koenari\pbrt-v4\src\pbrt\util\parallel.cpp:53 ] Started execution in worker thread
[ tid 6680 @     0.002s C:\Users\koena\source\repos\Koenari\pbrt-v4\src\pbrt\util\parallel.cpp:53 ] Started execution in worker thread
[ tid 18532 @     0.002s C:\Users\koena\source\repos\Koenari\pbrt-v4\src\pbrt\util\parallel.cpp:53 ] Started execution in worker thread
[ tid 18520 @     0.002s C:\Users\koena\source\repos\Koenari\pbrt-v4\src\pbrt\util\parallel.cpp:53 ] Started execution in worker thread
[ tid 33268 @     0.002s C:\Users\koena\source\repos\Koenari\pbrt-v4\src\pbrt\util\parallel.cpp:53 ] Started execution in worker thread
[ tid 1600 @     0.002s C:\Users\koena\source\repos\Koenari\pbrt-v4\src\pbrt\util\parallel.cpp:53 ] Started execution in worker thread
[ tid 30508 @     0.002s C:\Users\koena\source\repos\Koenari\pbrt-v4\src\pbrt\util\parallel.cpp:53 ] Started execution in worker thread
[ tid 4924 @     0.003s C:\Users\koena\source\repos\Koenari\pbrt-v4\src\pbrt\util\parallel.cpp:53 ] Started execution in worker thread
[ tid 34772 @     0.003s C:\Users\koena\source\repos\Koenari\pbrt-v4\src\pbrt\util\parallel.cpp:53 ] Started execution in worker thread
[ tid 33712 @     0.003s C:\Users\koena\source\repos\Koenari\pbrt-v4\src\pbrt\util\parallel.cpp:53 ] Started execution in worker thread
[ tid 33984 @     0.003s C:\Users\koena\source\repos\Koenari\pbrt-v4\src\pbrt\util\parallel.cpp:53 ] Started execution in worker thread
[ tid 30392 @     0.004s C:\Users\koena\source\repos\Koenari\pbrt-v4\src\pbrt\parser.cpp:611 ] Started parsing ../../scenes/hairball/hairball.pbrt
[ tid 30392 @     0.004s C:\Users\koena\source\repos\Koenari\pbrt-v4\src\pbrt\cameras.cpp:50 ] World-space position: [ 11.8194065, -12.766575, 8.731112 ]
[ tid 30392 @     0.004s C:\Users\koena\source\repos\Koenari\pbrt-v4\src\pbrt\scene.cpp:748 ] Starting to create filter and film
[ tid 30392 @     0.004s film.h:196 ] Created film with full resolution [ 1366, 768 ], pixelBounds [ [ 0, 0 ] - [ 1366, 768 ] ]
[ tid 30392 @     0.015s C:\Users\koena\source\repos\Koenari\pbrt-v4\src\pbrt\scene.cpp:765 ] Finished creating filter and film
[ tid 10588 @     0.015s C:\Users\koena\source\repos\Koenari\pbrt-v4\src\pbrt\scene.cpp:769 ] Starting to create sampler
[ tid 33712 @     0.015s C:\Users\koena\source\repos\Koenari\pbrt-v4\src\pbrt\scene.cpp:778 ] Starting to create camera
[ tid 30392 @     0.015s C:\Users\koena\source\repos\Koenari\pbrt-v4\src\pbrt\parser.cpp:642 ] Finished parsing ../../scenes/hairball/hairball.pbrt
[ tid 30392 @     0.015s C:\Users\koena\source\repos\Koenari\pbrt-v4\src\pbrt\cpu\render.cpp:32 ] Starting textures
[ tid 30392 @     0.015s C:\Users\koena\source\repos\Koenari\pbrt-v4\src\pbrt\scene.cpp:1180 ] Starting to consume texture futures
[ tid 30392 @     0.015s C:\Users\koena\source\repos\Koenari\pbrt-v4\src\pbrt\scene.cpp:1192 ] Finished consuming texture futures
[ tid 30392 @     0.015s C:\Users\koena\source\repos\Koenari\pbrt-v4\src\pbrt\scene.cpp:1194 ] Starting to create remaining textures
[ tid 30392 @     0.015s C:\Users\koena\source\repos\Koenari\pbrt-v4\src\pbrt\scene.cpp:1250 ] Done creating textures
[ tid 30392 @     0.015s C:\Users\koena\source\repos\Koenari\pbrt-v4\src\pbrt\cpu\render.cpp:34 ] Finished textures
[ tid 30392 @     0.015s C:\Users\koena\source\repos\Koenari\pbrt-v4\src\pbrt\scene.cpp:1289 ] Starting area lights
[ tid 33712 @     0.015s C:\Users\koena\source\repos\Koenari\pbrt-v4\src\pbrt\cameras.cpp:197 ] Camera min pos differentials: [ 0, 0, 0 ], [ 0, 0, 0 ]
[ tid 30392 @     0.015s C:\Users\koena\source\repos\Koenari\pbrt-v4\src\pbrt\scene.cpp:1341 ] Finished area lights
[ tid 33712 @     0.015s C:\Users\koena\source\repos\Koenari\pbrt-v4\src\pbrt\cameras.cpp:199 ] Camera min dir differentials: [ 0.00041241944, -0.0003016293, -5.9604645e-8 ], [ 0.00027875602, 0.00046160817, -1.1920929e-7 ]
[ tid 30392 @     0.015s C:\Users\koena\source\repos\Koenari\pbrt-v4\src\pbrt\scene.cpp:1343 ] Starting to consume non-area light futures
[ tid 33712 @     0.015s C:\Users\koena\source\repos\Koenari\pbrt-v4\src\pbrt\scene.cpp:784 ] Finished creating camera
[ tid 33268 @     0.015s scene.h:290 ] Retrieved Camera from future
[ tid 30392 @     0.015s C:\Users\koena\source\repos\Koenari\pbrt-v4\src\pbrt\scene.cpp:1347 ] Finished consuming non-area light futures
[ tid 30392 @     0.015s C:\Users\koena\source\repos\Koenari\pbrt-v4\src\pbrt\cpu\render.cpp:41 ] Starting materials
[ tid 30392 @     0.015s C:\Users\koena\source\repos\Koenari\pbrt-v4\src\pbrt\scene.cpp:1113 ] Starting to consume 0 normal map futures
[ tid 30392 @     0.015s C:\Users\koena\source\repos\Koenari\pbrt-v4\src\pbrt\scene.cpp:1120 ] Finished consuming normal map futures
[ tid 30392 @     0.015s C:\Users\koena\source\repos\Koenari\pbrt-v4\src\pbrt\cpu\render.cpp:45 ] Finished materials
[ tid 30392 @     0.015s C:\Users\koena\source\repos\Koenari\pbrt-v4\src\pbrt\scene.cpp:1444 ] Starting shapes
[ tid 30392 @     1.389s C:\Users\koena\source\repos\Koenari\pbrt-v4\src\pbrt\scene.cpp:1519 ] Finished shapes
[ tid 30392 @     1.389s C:\Users\koena\source\repos\Koenari\pbrt-v4\src\pbrt\scene.cpp:1522 ] Starting instances
[ tid 30392 @     1.389s C:\Users\koena\source\repos\Koenari\pbrt-v4\src\pbrt\scene.cpp:1581 ] Finished instances
[ tid 30392 @     1.389s C:\Users\koena\source\repos\Koenari\pbrt-v4\src\pbrt\scene.cpp:1585 ] Starting top-level accelerator
[ tid 30392 @     1.397s C:\Users\koena\source\repos\Koenari\pbrt-v4\src\pbrt\cpu\aggregates.cpp:536 ] Creating 4 WideBVHAggregate: SPlitmethod 2 (0) - fromBVH - no opti
[ tid 30392 @     1.913s C:\Users\koena\source\repos\Koenari\pbrt-v4\src\pbrt\cpu\aggregates.cpp:583 ] WideBVH created with 192386 nodes for 2880000 primitives (23.48 MB)
[ tid 30392 @     1.913s C:\Users\koena\source\repos\Koenari\pbrt-v4\src\pbrt\cpu\aggregates.cpp:584 ] Creation took: 438 ms
[ tid 30392 @     1.921s C:\Users\koena\source\repos\Koenari\pbrt-v4\src\pbrt\cpu\aggregates.cpp:596 ] Calulated cost for BVH is: 15.155
[ tid 30392 @     1.941s C:\Users\koena\source\repos\Koenari\pbrt-v4\src\pbrt\scene.cpp:1589 ] Finished top-level accelerator
[ tid 30392 @     1.941s scene.h:290 ] Retrieved Camera from future
[ tid 30392 @     1.941s scene.h:302 ] Retrieved Sampler from future
[ tid 30392 @     1.941s C:\Users\koena\source\repos\Koenari\pbrt-v4\src\pbrt\cpu\render.cpp:55 ] Starting to create integrator
[ tid 30392 @     1.941s cpu/integrators.h:70 ] Scene bounds [ [ -16.3827, 8.14369, -13.361673 ] - [ -7.2397966, 17.337854, -4.1334677 ] ]
[ tid 30392 @     1.941s C:\Users\koena\source\repos\Koenari\pbrt-v4\src\pbrt\cpu\render.cpp:58 ] Finished creating integrator
[ tid 30392 @     1.941s C:\Users\koena\source\repos\Koenari\pbrt-v4\src\pbrt\cpu\render.cpp:103 ] Memory used after scene creation: 581623808
[ tid 30392 @    11.463s C:\Users\koena\source\repos\Koenari\pbrt-v4\src\pbrt\cpu\integrators.cpp:199 ] Writing image with spp = 4
[ tid 30392 @    11.463s C:\Users\koena\source\repos\Koenari\pbrt-v4\src\pbrt\film.cpp:535 ] Converting image to RGB and computing final weighted pixel values
[ tid 30392 @    11.471s C:\Users\koena\source\repos\Koenari\pbrt-v4\src\pbrt\film.cpp:529 ] Writing image 4wide-4simd-none-epo-0.4epoRat-frombvh-0.exr with bounds [ [ 0, 0 ] - [ 1366, 768 ] ]
[ tid 30392 @    11.481s C:\Users\koena\source\repos\Koenari\pbrt-v4\src\pbrt\cpu\integrators.cpp:223 ] Rendering finished
[ tid 30392 @    11.481s C:\Users\koena\source\repos\Koenari\pbrt-v4\src\pbrt\cpu\render.cpp:161 ] Memory used after rendering: 583258112
[ tid 30392 @    11.481s C:\Users\koena\source\repos\Koenari\pbrt-v4\src\pbrt\cmd\pbrt.cpp:308 ] Memory used after post-render cleanup: 583274496
[ tid 10588 @    11.482s C:\Users\koena\source\repos\Koenari\pbrt-v4\src\pbrt\util\parallel.cpp:63 ] Exiting worker thread
[ tid 1600 @    11.482s C:\Users\koena\source\repos\Koenari\pbrt-v4\src\pbrt\util\parallel.cpp:63 ] Exiting worker thread
[ tid 33712 @    11.482s C:\Users\koena\source\repos\Koenari\pbrt-v4\src\pbrt\util\parallel.cpp:63 ] Exiting worker thread
[ tid 33268 @    11.482s C:\Users\koena\source\repos\Koenari\pbrt-v4\src\pbrt\util\parallel.cpp:63 ] Exiting worker thread
[ tid 18520 @    11.482s C:\Users\koena\source\repos\Koenari\pbrt-v4\src\pbrt\util\parallel.cpp:63 ] Exiting worker thread
[ tid 1968 @    11.482s C:\Users\koena\source\repos\Koenari\pbrt-v4\src\pbrt\util\parallel.cpp:63 ] Exiting worker thread
[ tid 33984 @    11.482s C:\Users\koena\source\repos\Koenari\pbrt-v4\src\pbrt\util\parallel.cpp:63 ] Exiting worker thread
[ tid 1856 @    11.482s C:\Users\koena\source\repos\Koenari\pbrt-v4\src\pbrt\util\parallel.cpp:63 ] Exiting worker thread
[ tid 18532 @    11.482s C:\Users\koena\source\repos\Koenari\pbrt-v4\src\pbrt\util\parallel.cpp:63 ] Exiting worker thread
[ tid 34772 @    11.482s C:\Users\koena\source\repos\Koenari\pbrt-v4\src\pbrt\util\parallel.cpp:63 ] Exiting worker thread
[ tid 30768 @    11.482s C:\Users\koena\source\repos\Koenari\pbrt-v4\src\pbrt\util\parallel.cpp:63 ] Exiting worker thread
[ tid 7628 @    11.482s C:\Users\koena\source\repos\Koenari\pbrt-v4\src\pbrt\util\parallel.cpp:63 ] Exiting worker thread
[ tid 33376 @    11.482s C:\Users\koena\source\repos\Koenari\pbrt-v4\src\pbrt\util\parallel.cpp:63 ] Exiting worker thread
[ tid 30508 @    11.482s C:\Users\koena\source\repos\Koenari\pbrt-v4\src\pbrt\util\parallel.cpp:63 ] Exiting worker thread
[ tid 8948 @    11.482s C:\Users\koena\source\repos\Koenari\pbrt-v4\src\pbrt\util\parallel.cpp:63 ] Exiting worker thread
[ tid 34420 @    11.482s C:\Users\koena\source\repos\Koenari\pbrt-v4\src\pbrt\util\parallel.cpp:63 ] Exiting worker thread
[ tid 16860 @    11.482s C:\Users\koena\source\repos\Koenari\pbrt-v4\src\pbrt\util\parallel.cpp:63 ] Exiting worker thread
[ tid 6680 @    11.482s C:\Users\koena\source\repos\Koenari\pbrt-v4\src\pbrt\util\parallel.cpp:63 ] Exiting worker thread
[ tid 4924 @    11.482s C:\Users\koena\source\repos\Koenari\pbrt-v4\src\pbrt\util\parallel.cpp:63 ] Exiting worker thread
