[ tid 22460 @     0.000s C:\Users\koena\source\repos\Koenari\pbrt-v4\src\pbrt\util\parallel.cpp:53 ] Started execution in worker thread
[ tid 15568 @     0.000s C:\Users\koena\source\repos\Koenari\pbrt-v4\src\pbrt\util\parallel.cpp:53 ] Started execution in worker thread
[ tid 13736 @     0.000s C:\Users\koena\source\repos\Koenari\pbrt-v4\src\pbrt\util\parallel.cpp:53 ] Started execution in worker thread
[ tid 4684 @     0.000s C:\Users\koena\source\repos\Koenari\pbrt-v4\src\pbrt\util\parallel.cpp:53 ] Started execution in worker thread
[ tid 23148 @     0.001s C:\Users\koena\source\repos\Koenari\pbrt-v4\src\pbrt\util\parallel.cpp:53 ] Started execution in worker thread
[ tid 6572 @     0.001s C:\Users\koena\source\repos\Koenari\pbrt-v4\src\pbrt\util\parallel.cpp:53 ] Started execution in worker thread
[ tid 22428 @     0.001s C:\Users\koena\source\repos\Koenari\pbrt-v4\src\pbrt\util\parallel.cpp:53 ] Started execution in worker thread
[ tid 9956 @     0.001s C:\Users\koena\source\repos\Koenari\pbrt-v4\src\pbrt\util\parallel.cpp:53 ] Started execution in worker thread
[ tid 29236 @     0.001s C:\Users\koena\source\repos\Koenari\pbrt-v4\src\pbrt\util\parallel.cpp:53 ] Started execution in worker thread
[ tid 25948 @     0.001s C:\Users\koena\source\repos\Koenari\pbrt-v4\src\pbrt\util\parallel.cpp:53 ] Started execution in worker thread
[ tid 13760 @     0.002s C:\Users\koena\source\repos\Koenari\pbrt-v4\src\pbrt\util\parallel.cpp:53 ] Started execution in worker thread
[ tid 14932 @     0.002s C:\Users\koena\source\repos\Koenari\pbrt-v4\src\pbrt\util\parallel.cpp:53 ] Started execution in worker thread
[ tid 21196 @     0.002s C:\Users\koena\source\repos\Koenari\pbrt-v4\src\pbrt\util\parallel.cpp:53 ] Started execution in worker thread
[ tid 15340 @     0.002s C:\Users\koena\source\repos\Koenari\pbrt-v4\src\pbrt\util\parallel.cpp:53 ] Started execution in worker thread
[ tid 23376 @     0.002s C:\Users\koena\source\repos\Koenari\pbrt-v4\src\pbrt\util\parallel.cpp:53 ] Started execution in worker thread
[ tid 25244 @     0.002s C:\Users\koena\source\repos\Koenari\pbrt-v4\src\pbrt\util\parallel.cpp:53 ] Started execution in worker thread
[ tid 5320 @     0.002s C:\Users\koena\source\repos\Koenari\pbrt-v4\src\pbrt\util\parallel.cpp:53 ] Started execution in worker thread
[ tid 30160 @     0.003s C:\Users\koena\source\repos\Koenari\pbrt-v4\src\pbrt\util\parallel.cpp:53 ] Started execution in worker thread
[ tid 20576 @     0.003s C:\Users\koena\source\repos\Koenari\pbrt-v4\src\pbrt\util\parallel.cpp:53 ] Started execution in worker thread
[ tid 17488 @     0.003s C:\Users\koena\source\repos\Koenari\pbrt-v4\src\pbrt\parser.cpp:611 ] Started parsing ../../scenes/hairball/hairball.pbrt
[ tid 17488 @     0.004s C:\Users\koena\source\repos\Koenari\pbrt-v4\src\pbrt\cameras.cpp:50 ] World-space position: [ 11.8194065, -12.766575, 8.731112 ]
[ tid 17488 @     0.004s C:\Users\koena\source\repos\Koenari\pbrt-v4\src\pbrt\scene.cpp:748 ] Starting to create filter and film
[ tid 17488 @     0.004s film.h:196 ] Created film with full resolution [ 1366, 768 ], pixelBounds [ [ 0, 0 ] - [ 1366, 768 ] ]
[ tid 17488 @     0.014s C:\Users\koena\source\repos\Koenari\pbrt-v4\src\pbrt\scene.cpp:765 ] Finished creating filter and film
[ tid 15568 @     0.014s C:\Users\koena\source\repos\Koenari\pbrt-v4\src\pbrt\scene.cpp:769 ] Starting to create sampler
[ tid 22460 @     0.014s C:\Users\koena\source\repos\Koenari\pbrt-v4\src\pbrt\scene.cpp:778 ] Starting to create camera
[ tid 17488 @     0.014s C:\Users\koena\source\repos\Koenari\pbrt-v4\src\pbrt\parser.cpp:642 ] Finished parsing ../../scenes/hairball/hairball.pbrt
[ tid 17488 @     0.015s C:\Users\koena\source\repos\Koenari\pbrt-v4\src\pbrt\cpu\render.cpp:32 ] Starting textures
[ tid 17488 @     0.015s C:\Users\koena\source\repos\Koenari\pbrt-v4\src\pbrt\scene.cpp:1180 ] Starting to consume texture futures
[ tid 17488 @     0.015s C:\Users\koena\source\repos\Koenari\pbrt-v4\src\pbrt\scene.cpp:1192 ] Finished consuming texture futures
[ tid 17488 @     0.015s C:\Users\koena\source\repos\Koenari\pbrt-v4\src\pbrt\scene.cpp:1194 ] Starting to create remaining textures
[ tid 22460 @     0.015s C:\Users\koena\source\repos\Koenari\pbrt-v4\src\pbrt\cameras.cpp:197 ] Camera min pos differentials: [ 0, 0, 0 ], [ 0, 0, 0 ]
[ tid 17488 @     0.015s C:\Users\koena\source\repos\Koenari\pbrt-v4\src\pbrt\scene.cpp:1250 ] Done creating textures
[ tid 17488 @     0.015s C:\Users\koena\source\repos\Koenari\pbrt-v4\src\pbrt\cpu\render.cpp:34 ] Finished textures
[ tid 22460 @     0.015s C:\Users\koena\source\repos\Koenari\pbrt-v4\src\pbrt\cameras.cpp:199 ] Camera min dir differentials: [ 0.00041241944, -0.0003016293, -5.9604645e-8 ], [ 0.00027875602, 0.00046160817, -1.1920929e-7 ]
[ tid 22460 @     0.015s C:\Users\koena\source\repos\Koenari\pbrt-v4\src\pbrt\scene.cpp:784 ] Finished creating camera
[ tid 17488 @     0.015s C:\Users\koena\source\repos\Koenari\pbrt-v4\src\pbrt\scene.cpp:1289 ] Starting area lights
[ tid 30160 @     0.015s scene.h:290 ] Retrieved Camera from future
[ tid 17488 @     0.015s C:\Users\koena\source\repos\Koenari\pbrt-v4\src\pbrt\scene.cpp:1341 ] Finished area lights
[ tid 17488 @     0.015s C:\Users\koena\source\repos\Koenari\pbrt-v4\src\pbrt\scene.cpp:1343 ] Starting to consume non-area light futures
[ tid 17488 @     0.015s C:\Users\koena\source\repos\Koenari\pbrt-v4\src\pbrt\scene.cpp:1347 ] Finished consuming non-area light futures
[ tid 17488 @     0.015s C:\Users\koena\source\repos\Koenari\pbrt-v4\src\pbrt\cpu\render.cpp:41 ] Starting materials
[ tid 17488 @     0.015s C:\Users\koena\source\repos\Koenari\pbrt-v4\src\pbrt\scene.cpp:1113 ] Starting to consume 0 normal map futures
[ tid 17488 @     0.015s C:\Users\koena\source\repos\Koenari\pbrt-v4\src\pbrt\scene.cpp:1120 ] Finished consuming normal map futures
[ tid 17488 @     0.015s C:\Users\koena\source\repos\Koenari\pbrt-v4\src\pbrt\cpu\render.cpp:45 ] Finished materials
[ tid 17488 @     0.015s C:\Users\koena\source\repos\Koenari\pbrt-v4\src\pbrt\scene.cpp:1444 ] Starting shapes
[ tid 17488 @     1.394s C:\Users\koena\source\repos\Koenari\pbrt-v4\src\pbrt\scene.cpp:1519 ] Finished shapes
[ tid 17488 @     1.394s C:\Users\koena\source\repos\Koenari\pbrt-v4\src\pbrt\scene.cpp:1522 ] Starting instances
[ tid 17488 @     1.394s C:\Users\koena\source\repos\Koenari\pbrt-v4\src\pbrt\scene.cpp:1581 ] Finished instances
[ tid 17488 @     1.394s C:\Users\koena\source\repos\Koenari\pbrt-v4\src\pbrt\scene.cpp:1585 ] Starting top-level accelerator
[ tid 17488 @     1.402s C:\Users\koena\source\repos\Koenari\pbrt-v4\src\pbrt\cpu\aggregates.cpp:620 ] Creating 8 WideBVHAggregate: SPlitmethod 2 (3) - direct - no opti
